Could not open input file: /var/www/html/update-currencies.php
Could not open input file: /var/www/html/update-currencies.php
Could not open input file: /var/www/html/update-currencies.php
Could not open input file: /var/www/html/update-currencies.php
Could not open input file: /var/www/html/update-currencies.php
Could not open input file: /var/www/html/update-currencies.php
Could not open input file: /var/www/html/update-currencies.php

Warning: require_once(vendor/autoload.php): Failed to open stream: No such file or directory in /var/www/html/app/Core/Model.php on line 7

Fatal error: Uncaught Error: Failed opening required 'vendor/autoload.php' (include_path='.:/usr/local/lib/php') in /var/www/html/app/Core/Model.php:7
Stack trace:
#0 /var/www/html/vendor/composer/ClassLoader.php(576): include()
#1 /var/www/html/vendor/composer/ClassLoader.php(427): Composer\Autoload\{closure}('/var/www/html/v...')
#2 /var/www/html/app/Models/Currencies.php(8): Composer\Autoload\ClassLoader->loadClass('App\\Core\\Model')
#3 /var/www/html/vendor/composer/ClassLoader.php(576): include('/var/www/html/a...')
#4 /var/www/html/vendor/composer/ClassLoader.php(427): Composer\Autoload\{closure}('/var/www/html/v...')
#5 /var/www/html/update-currencies.php(7): Composer\Autoload\ClassLoader->loadClass('App\\Models\\Curr...')
#6 {main}
  thrown in /var/www/html/app/Core/Model.php on line 7

Warning: require_once(vendor/autoload.php): Failed to open stream: No such file or directory in /var/www/html/app/Core/Model.php on line 7

Fatal error: Uncaught Error: Failed opening required 'vendor/autoload.php' (include_path='.:/usr/local/lib/php') in /var/www/html/app/Core/Model.php:7
Stack trace:
#0 /var/www/html/vendor/composer/ClassLoader.php(576): include()
#1 /var/www/html/vendor/composer/ClassLoader.php(427): Composer\Autoload\{closure}('/var/www/html/v...')
#2 /var/www/html/app/Models/Currencies.php(8): Composer\Autoload\ClassLoader->loadClass('App\\Core\\Model')
#3 /var/www/html/vendor/composer/ClassLoader.php(576): include('/var/www/html/a...')
#4 /var/www/html/vendor/composer/ClassLoader.php(427): Composer\Autoload\{closure}('/var/www/html/v...')
#5 /var/www/html/update-currencies.php(7): Composer\Autoload\ClassLoader->loadClass('App\\Models\\Curr...')
#6 {main}
  thrown in /var/www/html/app/Core/Model.php on line 7

Warning: require_once(vendor/autoload.php): Failed to open stream: No such file or directory in /var/www/html/app/Core/Model.php on line 7

Fatal error: Uncaught Error: Failed opening required 'vendor/autoload.php' (include_path='.:/usr/local/lib/php') in /var/www/html/app/Core/Model.php:7
Stack trace:
#0 /var/www/html/vendor/composer/ClassLoader.php(576): include()
#1 /var/www/html/vendor/composer/ClassLoader.php(427): Composer\Autoload\{closure}('/var/www/html/v...')
#2 /var/www/html/app/Models/Currencies.php(8): Composer\Autoload\ClassLoader->loadClass('App\\Core\\Model')
#3 /var/www/html/vendor/composer/ClassLoader.php(576): include('/var/www/html/a...')
#4 /var/www/html/vendor/composer/ClassLoader.php(427): Composer\Autoload\{closure}('/var/www/html/v...')
#5 /var/www/html/update-currencies.php(7): Composer\Autoload\ClassLoader->loadClass('App\\Models\\Curr...')
#6 {main}
  thrown in /var/www/html/app/Core/Model.php on line 7

Warning: require_once(vendor/autoload.php): Failed to open stream: No such file or directory in /var/www/html/app/Core/Model.php on line 7

Fatal error: Uncaught Error: Failed opening required 'vendor/autoload.php' (include_path='.:/usr/local/lib/php') in /var/www/html/app/Core/Model.php:7
Stack trace:
#0 /var/www/html/vendor/composer/ClassLoader.php(576): include()
#1 /var/www/html/vendor/composer/ClassLoader.php(427): Composer\Autoload\{closure}('/var/www/html/v...')
#2 /var/www/html/app/Models/Currencies.php(8): Composer\Autoload\ClassLoader->loadClass('App\\Core\\Model')
#3 /var/www/html/vendor/composer/ClassLoader.php(576): include('/var/www/html/a...')
#4 /var/www/html/vendor/composer/ClassLoader.php(427): Composer\Autoload\{closure}('/var/www/html/v...')
#5 /var/www/html/update-currencies.php(7): Composer\Autoload\ClassLoader->loadClass('App\\Models\\Curr...')
#6 {main}
  thrown in /var/www/html/app/Core/Model.php on line 7

Warning: require_once(vendor/autoload.php): Failed to open stream: No such file or directory in /var/www/html/app/Core/Model.php on line 7

Fatal error: Uncaught Error: Failed opening required 'vendor/autoload.php' (include_path='.:/usr/local/lib/php') in /var/www/html/app/Core/Model.php:7
Stack trace:
#0 /var/www/html/vendor/composer/ClassLoader.php(576): include()
#1 /var/www/html/vendor/composer/ClassLoader.php(427): Composer\Autoload\{closure}('/var/www/html/v...')
#2 /var/www/html/app/Models/Currencies.php(8): Composer\Autoload\ClassLoader->loadClass('App\\Core\\Model')
#3 /var/www/html/vendor/composer/ClassLoader.php(576): include('/var/www/html/a...')
#4 /var/www/html/vendor/composer/ClassLoader.php(427): Composer\Autoload\{closure}('/var/www/html/v...')
#5 /var/www/html/update-currencies.php(7): Composer\Autoload\ClassLoader->loadClass('App\\Models\\Curr...')
#6 {main}
  thrown in /var/www/html/app/Core/Model.php on line 7

Warning: require_once(/var/www/html/app/Core/vendor/autoload.php): Failed to open stream: No such file or directory in /var/www/html/app/Core/Model.php on line 7

Fatal error: Uncaught Error: Failed opening required '/var/www/html/app/Core/vendor/autoload.php' (include_path='.:/usr/local/lib/php') in /var/www/html/app/Core/Model.php:7
Stack trace:
#0 /var/www/html/vendor/composer/ClassLoader.php(576): include()
#1 /var/www/html/vendor/composer/ClassLoader.php(427): Composer\Autoload\{closure}('/var/www/html/v...')
#2 /var/www/html/app/Models/Currencies.php(8): Composer\Autoload\ClassLoader->loadClass('App\\Core\\Model')
#3 /var/www/html/vendor/composer/ClassLoader.php(576): include('/var/www/html/a...')
#4 /var/www/html/vendor/composer/ClassLoader.php(427): Composer\Autoload\{closure}('/var/www/html/v...')
#5 /var/www/html/update-currencies.php(7): Composer\Autoload\ClassLoader->loadClass('App\\Models\\Curr...')
#6 {main}
  thrown in /var/www/html/app/Core/Model.php on line 7

Warning: require_once(/var/www/html/app/Core/vendor/autoload.php): Failed to open stream: No such file or directory in /var/www/html/app/Core/Model.php on line 7

Fatal error: Uncaught Error: Failed opening required '/var/www/html/app/Core/vendor/autoload.php' (include_path='.:/usr/local/lib/php') in /var/www/html/app/Core/Model.php:7
Stack trace:
#0 /var/www/html/vendor/composer/ClassLoader.php(576): include()
#1 /var/www/html/vendor/composer/ClassLoader.php(427): Composer\Autoload\{closure}('/var/www/html/v...')
#2 /var/www/html/app/Models/Currencies.php(8): Composer\Autoload\ClassLoader->loadClass('App\\Core\\Model')
#3 /var/www/html/vendor/composer/ClassLoader.php(576): include('/var/www/html/a...')
#4 /var/www/html/vendor/composer/ClassLoader.php(427): Composer\Autoload\{closure}('/var/www/html/v...')
#5 /var/www/html/update-currencies.php(7): Composer\Autoload\ClassLoader->loadClass('App\\Models\\Curr...')
#6 {main}
  thrown in /var/www/html/app/Core/Model.php on line 7

Warning: require_once(/var/www/html/app/Core/vendor/autoload.php): Failed to open stream: No such file or directory in /var/www/html/app/Core/Model.php on line 7

Fatal error: Uncaught Error: Failed opening required '/var/www/html/app/Core/vendor/autoload.php' (include_path='.:/usr/local/lib/php') in /var/www/html/app/Core/Model.php:7
Stack trace:
#0 /var/www/html/vendor/composer/ClassLoader.php(576): include()
#1 /var/www/html/vendor/composer/ClassLoader.php(427): Composer\Autoload\{closure}('/var/www/html/v...')
#2 /var/www/html/app/Models/Currencies.php(8): Composer\Autoload\ClassLoader->loadClass('App\\Core\\Model')
#3 /var/www/html/vendor/composer/ClassLoader.php(576): include('/var/www/html/a...')
#4 /var/www/html/vendor/composer/ClassLoader.php(427): Composer\Autoload\{closure}('/var/www/html/v...')
#5 /var/www/html/update-currencies.php(7): Composer\Autoload\ClassLoader->loadClass('App\\Models\\Curr...')
#6 {main}
  thrown in /var/www/html/app/Core/Model.php on line 7

Warning: require_once(/var/www/html/app/Core/vendor/autoload.php): Failed to open stream: No such file or directory in /var/www/html/app/Core/Model.php on line 7

Fatal error: Uncaught Error: Failed opening required '/var/www/html/app/Core/vendor/autoload.php' (include_path='.:/usr/local/lib/php') in /var/www/html/app/Core/Model.php:7
Stack trace:
#0 /var/www/html/vendor/composer/ClassLoader.php(576): include()
#1 /var/www/html/vendor/composer/ClassLoader.php(427): Composer\Autoload\{closure}('/var/www/html/v...')
#2 /var/www/html/app/Models/Currencies.php(8): Composer\Autoload\ClassLoader->loadClass('App\\Core\\Model')
#3 /var/www/html/vendor/composer/ClassLoader.php(576): include('/var/www/html/a...')
#4 /var/www/html/vendor/composer/ClassLoader.php(427): Composer\Autoload\{closure}('/var/www/html/v...')
#5 /var/www/html/update-currencies.php(7): Composer\Autoload\ClassLoader->loadClass('App\\Models\\Curr...')
#6 {main}
  thrown in /var/www/html/app/Core/Model.php on line 7

Warning: require_once(/var/www/html/app/Core/vendor/autoload.php): Failed to open stream: No such file or directory in /var/www/html/app/Core/Model.php on line 7

Fatal error: Uncaught Error: Failed opening required '/var/www/html/app/Core/vendor/autoload.php' (include_path='.:/usr/local/lib/php') in /var/www/html/app/Core/Model.php:7
Stack trace:
#0 /var/www/html/vendor/composer/ClassLoader.php(576): include()
#1 /var/www/html/vendor/composer/ClassLoader.php(427): Composer\Autoload\{closure}('/var/www/html/v...')
#2 /var/www/html/app/Models/Currencies.php(8): Composer\Autoload\ClassLoader->loadClass('App\\Core\\Model')
#3 /var/www/html/vendor/composer/ClassLoader.php(576): include('/var/www/html/a...')
#4 /var/www/html/vendor/composer/ClassLoader.php(427): Composer\Autoload\{closure}('/var/www/html/v...')
#5 /var/www/html/update-currencies.php(7): Composer\Autoload\ClassLoader->loadClass('App\\Models\\Curr...')
#6 {main}
  thrown in /var/www/html/app/Core/Model.php on line 7

Warning: require_once(/var/www/html/app/Core/vendor/autoload.php): Failed to open stream: No such file or directory in /var/www/html/app/Core/Model.php on line 7

Fatal error: Uncaught Error: Failed opening required '/var/www/html/app/Core/vendor/autoload.php' (include_path='.:/usr/local/lib/php') in /var/www/html/app/Core/Model.php:7
Stack trace:
#0 /var/www/html/vendor/composer/ClassLoader.php(576): include()
#1 /var/www/html/vendor/composer/ClassLoader.php(427): Composer\Autoload\{closure}('/var/www/html/v...')
#2 /var/www/html/app/Models/Currencies.php(8): Composer\Autoload\ClassLoader->loadClass('App\\Core\\Model')
#3 /var/www/html/vendor/composer/ClassLoader.php(576): include('/var/www/html/a...')
#4 /var/www/html/vendor/composer/ClassLoader.php(427): Composer\Autoload\{closure}('/var/www/html/v...')
#5 /var/www/html/update-currencies.php(7): Composer\Autoload\ClassLoader->loadClass('App\\Models\\Curr...')
#6 {main}
  thrown in /var/www/html/app/Core/Model.php on line 7

Warning: require_once(/var/www/html/app/Core/vendor/autoload.php): Failed to open stream: No such file or directory in /var/www/html/app/Core/Model.php on line 7

Fatal error: Uncaught Error: Failed opening required '/var/www/html/app/Core/vendor/autoload.php' (include_path='.:/usr/local/lib/php') in /var/www/html/app/Core/Model.php:7
Stack trace:
#0 /var/www/html/vendor/composer/ClassLoader.php(576): include()
#1 /var/www/html/vendor/composer/ClassLoader.php(427): Composer\Autoload\{closure}('/var/www/html/v...')
#2 /var/www/html/app/Models/Currencies.php(8): Composer\Autoload\ClassLoader->loadClass('App\\Core\\Model')
#3 /var/www/html/vendor/composer/ClassLoader.php(576): include('/var/www/html/a...')
#4 /var/www/html/vendor/composer/ClassLoader.php(427): Composer\Autoload\{closure}('/var/www/html/v...')
#5 /var/www/html/update-currencies.php(7): Composer\Autoload\ClassLoader->loadClass('App\\Models\\Curr...')
#6 {main}
  thrown in /var/www/html/app/Core/Model.php on line 7

Warning: require_once(/var/www/html/app/Core/vendor/autoload.php): Failed to open stream: No such file or directory in /var/www/html/app/Core/Model.php on line 7

Fatal error: Uncaught Error: Failed opening required '/var/www/html/app/Core/vendor/autoload.php' (include_path='.:/usr/local/lib/php') in /var/www/html/app/Core/Model.php:7
Stack trace:
#0 /var/www/html/vendor/composer/ClassLoader.php(576): include()
#1 /var/www/html/vendor/composer/ClassLoader.php(427): Composer\Autoload\{closure}('/var/www/html/v...')
#2 /var/www/html/app/Models/Currencies.php(8): Composer\Autoload\ClassLoader->loadClass('App\\Core\\Model')
#3 /var/www/html/vendor/composer/ClassLoader.php(576): include('/var/www/html/a...')
#4 /var/www/html/vendor/composer/ClassLoader.php(427): Composer\Autoload\{closure}('/var/www/html/v...')
#5 /var/www/html/update-currencies.php(7): Composer\Autoload\ClassLoader->loadClass('App\\Models\\Curr...')
#6 {main}
  thrown in /var/www/html/app/Core/Model.php on line 7

Warning: require_once(/var/www/html/app/Core/vendor/autoload.php): Failed to open stream: No such file or directory in /var/www/html/app/Core/Model.php on line 7

Fatal error: Uncaught Error: Failed opening required '/var/www/html/app/Core/vendor/autoload.php' (include_path='.:/usr/local/lib/php') in /var/www/html/app/Core/Model.php:7
Stack trace:
#0 /var/www/html/vendor/composer/ClassLoader.php(576): include()
#1 /var/www/html/vendor/composer/ClassLoader.php(427): Composer\Autoload\{closure}('/var/www/html/v...')
#2 /var/www/html/app/Models/Currencies.php(8): Composer\Autoload\ClassLoader->loadClass('App\\Core\\Model')
#3 /var/www/html/vendor/composer/ClassLoader.php(576): include('/var/www/html/a...')
#4 /var/www/html/vendor/composer/ClassLoader.php(427): Composer\Autoload\{closure}('/var/www/html/v...')
#5 /var/www/html/update-currencies.php(7): Composer\Autoload\ClassLoader->loadClass('App\\Models\\Curr...')
#6 {main}
  thrown in /var/www/html/app/Core/Model.php on line 7

Warning: require_once(/var/www/html/app/Core/vendor/autoload.php): Failed to open stream: No such file or directory in /var/www/html/app/Core/Model.php on line 7

Fatal error: Uncaught Error: Failed opening required '/var/www/html/app/Core/vendor/autoload.php' (include_path='.:/usr/local/lib/php') in /var/www/html/app/Core/Model.php:7
Stack trace:
#0 /var/www/html/vendor/composer/ClassLoader.php(576): include()
#1 /var/www/html/vendor/composer/ClassLoader.php(427): Composer\Autoload\{closure}('/var/www/html/v...')
#2 /var/www/html/app/Models/Currencies.php(8): Composer\Autoload\ClassLoader->loadClass('App\\Core\\Model')
#3 /var/www/html/vendor/composer/ClassLoader.php(576): include('/var/www/html/a...')
#4 /var/www/html/vendor/composer/ClassLoader.php(427): Composer\Autoload\{closure}('/var/www/html/v...')
#5 /var/www/html/update-currencies.php(7): Composer\Autoload\ClassLoader->loadClass('App\\Models\\Curr...')
#6 {main}
  thrown in /var/www/html/app/Core/Model.php on line 7

Warning: require_once(/var/www/html/app/Core/vendor/autoload.php): Failed to open stream: No such file or directory in /var/www/html/app/Core/Model.php on line 7

Fatal error: Uncaught Error: Failed opening required '/var/www/html/app/Core/vendor/autoload.php' (include_path='.:/usr/local/lib/php') in /var/www/html/app/Core/Model.php:7
Stack trace:
#0 /var/www/html/vendor/composer/ClassLoader.php(576): include()
#1 /var/www/html/vendor/composer/ClassLoader.php(427): Composer\Autoload\{closure}('/var/www/html/v...')
#2 /var/www/html/app/Models/Currencies.php(8): Composer\Autoload\ClassLoader->loadClass('App\\Core\\Model')
#3 /var/www/html/vendor/composer/ClassLoader.php(576): include('/var/www/html/a...')
#4 /var/www/html/vendor/composer/ClassLoader.php(427): Composer\Autoload\{closure}('/var/www/html/v...')
#5 /var/www/html/update-currencies.php(7): Composer\Autoload\ClassLoader->loadClass('App\\Models\\Curr...')
#6 {main}
  thrown in /var/www/html/app/Core/Model.php on line 7

Warning: require_once(/var/www/html/app/Core/vendor/autoload.php): Failed to open stream: No such file or directory in /var/www/html/app/Core/Model.php on line 7

Fatal error: Uncaught Error: Failed opening required '/var/www/html/app/Core/vendor/autoload.php' (include_path='.:/usr/local/lib/php') in /var/www/html/app/Core/Model.php:7
Stack trace:
#0 /var/www/html/vendor/composer/ClassLoader.php(576): include()
#1 /var/www/html/vendor/composer/ClassLoader.php(427): Composer\Autoload\{closure}('/var/www/html/v...')
#2 /var/www/html/app/Models/Currencies.php(8): Composer\Autoload\ClassLoader->loadClass('App\\Core\\Model')
#3 /var/www/html/vendor/composer/ClassLoader.php(576): include('/var/www/html/a...')
#4 /var/www/html/vendor/composer/ClassLoader.php(427): Composer\Autoload\{closure}('/var/www/html/v...')
#5 /var/www/html/update-currencies.php(7): Composer\Autoload\ClassLoader->loadClass('App\\Models\\Curr...')
#6 {main}
  thrown in /var/www/html/app/Core/Model.php on line 7

Warning: require_once(/var/www/html/app/Core/vendor/autoload.php): Failed to open stream: No such file or directory in /var/www/html/app/Core/Model.php on line 7

Fatal error: Uncaught Error: Failed opening required '/var/www/html/app/Core/vendor/autoload.php' (include_path='.:/usr/local/lib/php') in /var/www/html/app/Core/Model.php:7
Stack trace:
#0 /var/www/html/vendor/composer/ClassLoader.php(576): include()
#1 /var/www/html/vendor/composer/ClassLoader.php(427): Composer\Autoload\{closure}('/var/www/html/v...')
#2 /var/www/html/app/Models/Currencies.php(8): Composer\Autoload\ClassLoader->loadClass('App\\Core\\Model')
#3 /var/www/html/vendor/composer/ClassLoader.php(576): include('/var/www/html/a...')
#4 /var/www/html/vendor/composer/ClassLoader.php(427): Composer\Autoload\{closure}('/var/www/html/v...')
#5 /var/www/html/update-currencies.php(7): Composer\Autoload\ClassLoader->loadClass('App\\Models\\Curr...')
#6 {main}
  thrown in /var/www/html/app/Core/Model.php on line 7

Warning: require_once(/var/www/html/app/Core/vendor/autoload.php): Failed to open stream: No such file or directory in /var/www/html/app/Core/Model.php on line 7

Fatal error: Uncaught Error: Failed opening required '/var/www/html/app/Core/vendor/autoload.php' (include_path='.:/usr/local/lib/php') in /var/www/html/app/Core/Model.php:7
Stack trace:
#0 /var/www/html/vendor/composer/ClassLoader.php(576): include()
#1 /var/www/html/vendor/composer/ClassLoader.php(427): Composer\Autoload\{closure}('/var/www/html/v...')
#2 /var/www/html/app/Models/Currencies.php(8): Composer\Autoload\ClassLoader->loadClass('App\\Core\\Model')
#3 /var/www/html/vendor/composer/ClassLoader.php(576): include('/var/www/html/a...')
#4 /var/www/html/vendor/composer/ClassLoader.php(427): Composer\Autoload\{closure}('/var/www/html/v...')
#5 /var/www/html/update-currencies.php(7): Composer\Autoload\ClassLoader->loadClass('App\\Models\\Curr...')
#6 {main}
  thrown in /var/www/html/app/Core/Model.php on line 7

Warning: require_once(/var/www/html/app/Core/vendor/autoload.php): Failed to open stream: No such file or directory in /var/www/html/app/Core/Model.php on line 7

Fatal error: Uncaught Error: Failed opening required '/var/www/html/app/Core/vendor/autoload.php' (include_path='.:/usr/local/lib/php') in /var/www/html/app/Core/Model.php:7
Stack trace:
#0 /var/www/html/vendor/composer/ClassLoader.php(576): include()
#1 /var/www/html/vendor/composer/ClassLoader.php(427): Composer\Autoload\{closure}('/var/www/html/v...')
#2 /var/www/html/app/Models/Currencies.php(8): Composer\Autoload\ClassLoader->loadClass('App\\Core\\Model')
#3 /var/www/html/vendor/composer/ClassLoader.php(576): include('/var/www/html/a...')
#4 /var/www/html/vendor/composer/ClassLoader.php(427): Composer\Autoload\{closure}('/var/www/html/v...')
#5 /var/www/html/update-currencies.php(7): Composer\Autoload\ClassLoader->loadClass('App\\Models\\Curr...')
#6 {main}
  thrown in /var/www/html/app/Core/Model.php on line 7

Warning: require_once(/var/www/html/app/Core/vendor/autoload.php): Failed to open stream: No such file or directory in /var/www/html/app/Core/Model.php on line 7

Fatal error: Uncaught Error: Failed opening required '/var/www/html/app/Core/vendor/autoload.php' (include_path='.:/usr/local/lib/php') in /var/www/html/app/Core/Model.php:7
Stack trace:
#0 /var/www/html/vendor/composer/ClassLoader.php(576): include()
#1 /var/www/html/vendor/composer/ClassLoader.php(427): Composer\Autoload\{closure}('/var/www/html/v...')
#2 /var/www/html/app/Models/Currencies.php(8): Composer\Autoload\ClassLoader->loadClass('App\\Core\\Model')
#3 /var/www/html/vendor/composer/ClassLoader.php(576): include('/var/www/html/a...')
#4 /var/www/html/vendor/composer/ClassLoader.php(427): Composer\Autoload\{closure}('/var/www/html/v...')
#5 /var/www/html/update-currencies.php(7): Composer\Autoload\ClassLoader->loadClass('App\\Models\\Curr...')
#6 {main}
  thrown in /var/www/html/app/Core/Model.php on line 7

Warning: require_once(/var/www/html/app/Core/vendor/autoload.php): Failed to open stream: No such file or directory in /var/www/html/app/Core/Model.php on line 7

Fatal error: Uncaught Error: Failed opening required '/var/www/html/app/Core/vendor/autoload.php' (include_path='.:/usr/local/lib/php') in /var/www/html/app/Core/Model.php:7
Stack trace:
#0 /var/www/html/vendor/composer/ClassLoader.php(576): include()
#1 /var/www/html/vendor/composer/ClassLoader.php(427): Composer\Autoload\{closure}('/var/www/html/v...')
#2 /var/www/html/app/Models/Currencies.php(8): Composer\Autoload\ClassLoader->loadClass('App\\Core\\Model')
#3 /var/www/html/vendor/composer/ClassLoader.php(576): include('/var/www/html/a...')
#4 /var/www/html/vendor/composer/ClassLoader.php(427): Composer\Autoload\{closure}('/var/www/html/v...')
#5 /var/www/html/update-currencies.php(7): Composer\Autoload\ClassLoader->loadClass('App\\Models\\Curr...')
#6 {main}
  thrown in /var/www/html/app/Core/Model.php on line 7

Warning: require_once(/var/www/html/app/Core/vendor/autoload.php): Failed to open stream: No such file or directory in /var/www/html/app/Core/Model.php on line 7

Fatal error: Uncaught Error: Failed opening required '/var/www/html/app/Core/vendor/autoload.php' (include_path='.:/usr/local/lib/php') in /var/www/html/app/Core/Model.php:7
Stack trace:
#0 /var/www/html/vendor/composer/ClassLoader.php(576): include()
#1 /var/www/html/vendor/composer/ClassLoader.php(427): Composer\Autoload\{closure}('/var/www/html/v...')
#2 /var/www/html/app/Models/Currencies.php(8): Composer\Autoload\ClassLoader->loadClass('App\\Core\\Model')
#3 /var/www/html/vendor/composer/ClassLoader.php(576): include('/var/www/html/a...')
#4 /var/www/html/vendor/composer/ClassLoader.php(427): Composer\Autoload\{closure}('/var/www/html/v...')
#5 /var/www/html/update-currencies.php(7): Composer\Autoload\ClassLoader->loadClass('App\\Models\\Curr...')
#6 {main}
  thrown in /var/www/html/app/Core/Model.php on line 7

Warning: require_once(/var/www/html/app/Core/vendor/autoload.php): Failed to open stream: No such file or directory in /var/www/html/app/Core/Model.php on line 7

Fatal error: Uncaught Error: Failed opening required '/var/www/html/app/Core/vendor/autoload.php' (include_path='.:/usr/local/lib/php') in /var/www/html/app/Core/Model.php:7
Stack trace:
#0 /var/www/html/vendor/composer/ClassLoader.php(576): include()
#1 /var/www/html/vendor/composer/ClassLoader.php(427): Composer\Autoload\{closure}('/var/www/html/v...')
#2 /var/www/html/app/Models/Currencies.php(8): Composer\Autoload\ClassLoader->loadClass('App\\Core\\Model')
#3 /var/www/html/vendor/composer/ClassLoader.php(576): include('/var/www/html/a...')
#4 /var/www/html/vendor/composer/ClassLoader.php(427): Composer\Autoload\{closure}('/var/www/html/v...')
#5 /var/www/html/update-currencies.php(7): Composer\Autoload\ClassLoader->loadClass('App\\Models\\Curr...')
#6 {main}
  thrown in /var/www/html/app/Core/Model.php on line 7

Warning: require_once(/var/www/html/app/Core/vendor/autoload.php): Failed to open stream: No such file or directory in /var/www/html/app/Core/Model.php on line 7

Fatal error: Uncaught Error: Failed opening required '/var/www/html/app/Core/vendor/autoload.php' (include_path='.:/usr/local/lib/php') in /var/www/html/app/Core/Model.php:7
Stack trace:
#0 /var/www/html/vendor/composer/ClassLoader.php(576): include()
#1 /var/www/html/vendor/composer/ClassLoader.php(427): Composer\Autoload\{closure}('/var/www/html/v...')
#2 /var/www/html/app/Models/Currencies.php(8): Composer\Autoload\ClassLoader->loadClass('App\\Core\\Model')
#3 /var/www/html/vendor/composer/ClassLoader.php(576): include('/var/www/html/a...')
#4 /var/www/html/vendor/composer/ClassLoader.php(427): Composer\Autoload\{closure}('/var/www/html/v...')
#5 /var/www/html/update-currencies.php(7): Composer\Autoload\ClassLoader->loadClass('App\\Models\\Curr...')
#6 {main}
  thrown in /var/www/html/app/Core/Model.php on line 7

Warning: require_once(/var/www/html/app/Core/vendor/autoload.php): Failed to open stream: No such file or directory in /var/www/html/app/Core/Model.php on line 7

Fatal error: Uncaught Error: Failed opening required '/var/www/html/app/Core/vendor/autoload.php' (include_path='.:/usr/local/lib/php') in /var/www/html/app/Core/Model.php:7
Stack trace:
#0 /var/www/html/vendor/composer/ClassLoader.php(576): include()
#1 /var/www/html/vendor/composer/ClassLoader.php(427): Composer\Autoload\{closure}('/var/www/html/v...')
#2 /var/www/html/app/Models/Currencies.php(8): Composer\Autoload\ClassLoader->loadClass('App\\Core\\Model')
#3 /var/www/html/vendor/composer/ClassLoader.php(576): include('/var/www/html/a...')
#4 /var/www/html/vendor/composer/ClassLoader.php(427): Composer\Autoload\{closure}('/var/www/html/v...')
#5 /var/www/html/update-currencies.php(7): Composer\Autoload\ClassLoader->loadClass('App\\Models\\Curr...')
#6 {main}
  thrown in /var/www/html/app/Core/Model.php on line 7

Warning: require_once(/var/www/html/app/Core/vendor/autoload.php): Failed to open stream: No such file or directory in /var/www/html/app/Core/Model.php on line 7

Fatal error: Uncaught Error: Failed opening required '/var/www/html/app/Core/vendor/autoload.php' (include_path='.:/usr/local/lib/php') in /var/www/html/app/Core/Model.php:7
Stack trace:
#0 /var/www/html/vendor/composer/ClassLoader.php(576): include()
#1 /var/www/html/vendor/composer/ClassLoader.php(427): Composer\Autoload\{closure}('/var/www/html/v...')
#2 /var/www/html/app/Models/Currencies.php(8): Composer\Autoload\ClassLoader->loadClass('App\\Core\\Model')
#3 /var/www/html/vendor/composer/ClassLoader.php(576): include('/var/www/html/a...')
#4 /var/www/html/vendor/composer/ClassLoader.php(427): Composer\Autoload\{closure}('/var/www/html/v...')
#5 /var/www/html/update-currencies.php(7): Composer\Autoload\ClassLoader->loadClass('App\\Models\\Curr...')
#6 {main}
  thrown in /var/www/html/app/Core/Model.php on line 7

Warning: require_once(/var/www/html/app/Core/vendor/autoload.php): Failed to open stream: No such file or directory in /var/www/html/app/Core/Model.php on line 7

Fatal error: Uncaught Error: Failed opening required '/var/www/html/app/Core/vendor/autoload.php' (include_path='.:/usr/local/lib/php') in /var/www/html/app/Core/Model.php:7
Stack trace:
#0 /var/www/html/vendor/composer/ClassLoader.php(576): include()
#1 /var/www/html/vendor/composer/ClassLoader.php(427): Composer\Autoload\{closure}('/var/www/html/v...')
#2 /var/www/html/app/Models/Currencies.php(8): Composer\Autoload\ClassLoader->loadClass('App\\Core\\Model')
#3 /var/www/html/vendor/composer/ClassLoader.php(576): include('/var/www/html/a...')
#4 /var/www/html/vendor/composer/ClassLoader.php(427): Composer\Autoload\{closure}('/var/www/html/v...')
#5 /var/www/html/update-currencies.php(7): Composer\Autoload\ClassLoader->loadClass('App\\Models\\Curr...')
#6 {main}
  thrown in /var/www/html/app/Core/Model.php on line 7

Warning: require_once(/var/www/html/app/Core/vendor/autoload.php): Failed to open stream: No such file or directory in /var/www/html/app/Core/Model.php on line 7

Fatal error: Uncaught Error: Failed opening required '/var/www/html/app/Core/vendor/autoload.php' (include_path='.:/usr/local/lib/php') in /var/www/html/app/Core/Model.php:7
Stack trace:
#0 /var/www/html/vendor/composer/ClassLoader.php(576): include()
#1 /var/www/html/vendor/composer/ClassLoader.php(427): Composer\Autoload\{closure}('/var/www/html/v...')
#2 /var/www/html/app/Models/Currencies.php(8): Composer\Autoload\ClassLoader->loadClass('App\\Core\\Model')
#3 /var/www/html/vendor/composer/ClassLoader.php(576): include('/var/www/html/a...')
#4 /var/www/html/vendor/composer/ClassLoader.php(427): Composer\Autoload\{closure}('/var/www/html/v...')
#5 /var/www/html/update-currencies.php(7): Composer\Autoload\ClassLoader->loadClass('App\\Models\\Curr...')
#6 {main}
  thrown in /var/www/html/app/Core/Model.php on line 7

Warning: require_once(/var/www/html/app/Core/vendor/autoload.php): Failed to open stream: No such file or directory in /var/www/html/app/Core/Model.php on line 7

Fatal error: Uncaught Error: Failed opening required '/var/www/html/app/Core/vendor/autoload.php' (include_path='.:/usr/local/lib/php') in /var/www/html/app/Core/Model.php:7
Stack trace:
#0 /var/www/html/vendor/composer/ClassLoader.php(576): include()
#1 /var/www/html/vendor/composer/ClassLoader.php(427): Composer\Autoload\{closure}('/var/www/html/v...')
#2 /var/www/html/app/Models/Currencies.php(8): Composer\Autoload\ClassLoader->loadClass('App\\Core\\Model')
#3 /var/www/html/vendor/composer/ClassLoader.php(576): include('/var/www/html/a...')
#4 /var/www/html/vendor/composer/ClassLoader.php(427): Composer\Autoload\{closure}('/var/www/html/v...')
#5 /var/www/html/update-currencies.php(7): Composer\Autoload\ClassLoader->loadClass('App\\Models\\Curr...')
#6 {main}
  thrown in /var/www/html/app/Core/Model.php on line 7

Warning: require_once(/var/www/html/app/Core/vendor/autoload.php): Failed to open stream: No such file or directory in /var/www/html/app/Core/Model.php on line 7

Fatal error: Uncaught Error: Failed opening required '/var/www/html/app/Core/vendor/autoload.php' (include_path='.:/usr/local/lib/php') in /var/www/html/app/Core/Model.php:7
Stack trace:
#0 /var/www/html/vendor/composer/ClassLoader.php(576): include()
#1 /var/www/html/vendor/composer/ClassLoader.php(427): Composer\Autoload\{closure}('/var/www/html/v...')
#2 /var/www/html/app/Models/Currencies.php(8): Composer\Autoload\ClassLoader->loadClass('App\\Core\\Model')
#3 /var/www/html/vendor/composer/ClassLoader.php(576): include('/var/www/html/a...')
#4 /var/www/html/vendor/composer/ClassLoader.php(427): Composer\Autoload\{closure}('/var/www/html/v...')
#5 /var/www/html/update-currencies.php(7): Composer\Autoload\ClassLoader->loadClass('App\\Models\\Curr...')
#6 {main}
  thrown in /var/www/html/app/Core/Model.php on line 7

Warning: require_once(/var/www/html/app/Core/vendor/autoload.php): Failed to open stream: No such file or directory in /var/www/html/app/Core/Model.php on line 7

Fatal error: Uncaught Error: Failed opening required '/var/www/html/app/Core/vendor/autoload.php' (include_path='.:/usr/local/lib/php') in /var/www/html/app/Core/Model.php:7
Stack trace:
#0 /var/www/html/vendor/composer/ClassLoader.php(576): include()
#1 /var/www/html/vendor/composer/ClassLoader.php(427): Composer\Autoload\{closure}('/var/www/html/v...')
#2 /var/www/html/app/Models/Currencies.php(8): Composer\Autoload\ClassLoader->loadClass('App\\Core\\Model')
#3 /var/www/html/vendor/composer/ClassLoader.php(576): include('/var/www/html/a...')
#4 /var/www/html/vendor/composer/ClassLoader.php(427): Composer\Autoload\{closure}('/var/www/html/v...')
#5 /var/www/html/update-currencies.php(7): Composer\Autoload\ClassLoader->loadClass('App\\Models\\Curr...')
#6 {main}
  thrown in /var/www/html/app/Core/Model.php on line 7

Warning: require_once(/var/www/html/app/Core/vendor/autoload.php): Failed to open stream: No such file or directory in /var/www/html/app/Core/Model.php on line 7

Fatal error: Uncaught Error: Failed opening required '/var/www/html/app/Core/vendor/autoload.php' (include_path='.:/usr/local/lib/php') in /var/www/html/app/Core/Model.php:7
Stack trace:
#0 /var/www/html/vendor/composer/ClassLoader.php(576): include()
#1 /var/www/html/vendor/composer/ClassLoader.php(427): Composer\Autoload\{closure}('/var/www/html/v...')
#2 /var/www/html/app/Models/Currencies.php(8): Composer\Autoload\ClassLoader->loadClass('App\\Core\\Model')
#3 /var/www/html/vendor/composer/ClassLoader.php(576): include('/var/www/html/a...')
#4 /var/www/html/vendor/composer/ClassLoader.php(427): Composer\Autoload\{closure}('/var/www/html/v...')
#5 /var/www/html/update-currencies.php(7): Composer\Autoload\ClassLoader->loadClass('App\\Models\\Curr...')
#6 {main}
  thrown in /var/www/html/app/Core/Model.php on line 7

Warning: require_once(/var/www/html/app/Core/vendor/autoload.php): Failed to open stream: No such file or directory in /var/www/html/app/Core/Model.php on line 7

Fatal error: Uncaught Error: Failed opening required '/var/www/html/app/Core/vendor/autoload.php' (include_path='.:/usr/local/lib/php') in /var/www/html/app/Core/Model.php:7
Stack trace:
#0 /var/www/html/vendor/composer/ClassLoader.php(576): include()
#1 /var/www/html/vendor/composer/ClassLoader.php(427): Composer\Autoload\{closure}('/var/www/html/v...')
#2 /var/www/html/app/Models/Currencies.php(8): Composer\Autoload\ClassLoader->loadClass('App\\Core\\Model')
#3 /var/www/html/vendor/composer/ClassLoader.php(576): include('/var/www/html/a...')
#4 /var/www/html/vendor/composer/ClassLoader.php(427): Composer\Autoload\{closure}('/var/www/html/v...')
#5 /var/www/html/update-currencies.php(7): Composer\Autoload\ClassLoader->loadClass('App\\Models\\Curr...')
#6 {main}
  thrown in /var/www/html/app/Core/Model.php on line 7

Warning: require_once(/var/www/html/app/Core/vendor/autoload.php): Failed to open stream: No such file or directory in /var/www/html/app/Core/Model.php on line 7

Fatal error: Uncaught Error: Failed opening required '/var/www/html/app/Core/vendor/autoload.php' (include_path='.:/usr/local/lib/php') in /var/www/html/app/Core/Model.php:7
Stack trace:
#0 /var/www/html/vendor/composer/ClassLoader.php(576): include()
#1 /var/www/html/vendor/composer/ClassLoader.php(427): Composer\Autoload\{closure}('/var/www/html/v...')
#2 /var/www/html/app/Models/Currencies.php(8): Composer\Autoload\ClassLoader->loadClass('App\\Core\\Model')
#3 /var/www/html/vendor/composer/ClassLoader.php(576): include('/var/www/html/a...')
#4 /var/www/html/vendor/composer/ClassLoader.php(427): Composer\Autoload\{closure}('/var/www/html/v...')
#5 /var/www/html/update-currencies.php(7): Composer\Autoload\ClassLoader->loadClass('App\\Models\\Curr...')
#6 {main}
  thrown in /var/www/html/app/Core/Model.php on line 7

Warning: require_once(/var/www/html/app/Core/vendor/autoload.php): Failed to open stream: No such file or directory in /var/www/html/app/Core/Model.php on line 7

Fatal error: Uncaught Error: Failed opening required '/var/www/html/app/Core/vendor/autoload.php' (include_path='.:/usr/local/lib/php') in /var/www/html/app/Core/Model.php:7
Stack trace:
#0 /var/www/html/vendor/composer/ClassLoader.php(576): include()
#1 /var/www/html/vendor/composer/ClassLoader.php(427): Composer\Autoload\{closure}('/var/www/html/v...')
#2 /var/www/html/app/Models/Currencies.php(8): Composer\Autoload\ClassLoader->loadClass('App\\Core\\Model')
#3 /var/www/html/vendor/composer/ClassLoader.php(576): include('/var/www/html/a...')
#4 /var/www/html/vendor/composer/ClassLoader.php(427): Composer\Autoload\{closure}('/var/www/html/v...')
#5 /var/www/html/update-currencies.php(7): Composer\Autoload\ClassLoader->loadClass('App\\Models\\Curr...')
#6 {main}
  thrown in /var/www/html/app/Core/Model.php on line 7

Warning: require_once(/var/www/html/app/Core/vendor/autoload.php): Failed to open stream: No such file or directory in /var/www/html/app/Core/Model.php on line 7

Fatal error: Uncaught Error: Failed opening required '/var/www/html/app/Core/vendor/autoload.php' (include_path='.:/usr/local/lib/php') in /var/www/html/app/Core/Model.php:7
Stack trace:
#0 /var/www/html/vendor/composer/ClassLoader.php(576): include()
#1 /var/www/html/vendor/composer/ClassLoader.php(427): Composer\Autoload\{closure}('/var/www/html/v...')
#2 /var/www/html/app/Models/Currencies.php(8): Composer\Autoload\ClassLoader->loadClass('App\\Core\\Model')
#3 /var/www/html/vendor/composer/ClassLoader.php(576): include('/var/www/html/a...')
#4 /var/www/html/vendor/composer/ClassLoader.php(427): Composer\Autoload\{closure}('/var/www/html/v...')
#5 /var/www/html/update-currencies.php(7): Composer\Autoload\ClassLoader->loadClass('App\\Models\\Curr...')
#6 {main}
  thrown in /var/www/html/app/Core/Model.php on line 7

Warning: require_once(/var/www/html/app/Core/vendor/autoload.php): Failed to open stream: No such file or directory in /var/www/html/app/Core/Model.php on line 7

Fatal error: Uncaught Error: Failed opening required '/var/www/html/app/Core/vendor/autoload.php' (include_path='.:/usr/local/lib/php') in /var/www/html/app/Core/Model.php:7
Stack trace:
#0 /var/www/html/vendor/composer/ClassLoader.php(576): include()
#1 /var/www/html/vendor/composer/ClassLoader.php(427): Composer\Autoload\{closure}('/var/www/html/v...')
#2 /var/www/html/app/Models/Currencies.php(8): Composer\Autoload\ClassLoader->loadClass('App\\Core\\Model')
#3 /var/www/html/vendor/composer/ClassLoader.php(576): include('/var/www/html/a...')
#4 /var/www/html/vendor/composer/ClassLoader.php(427): Composer\Autoload\{closure}('/var/www/html/v...')
#5 /var/www/html/update-currencies.php(7): Composer\Autoload\ClassLoader->loadClass('App\\Models\\Curr...')
#6 {main}
  thrown in /var/www/html/app/Core/Model.php on line 7

Warning: require_once(/var/www/html/app/Core/vendor/autoload.php): Failed to open stream: No such file or directory in /var/www/html/app/Core/Model.php on line 7

Fatal error: Uncaught Error: Failed opening required '/var/www/html/app/Core/vendor/autoload.php' (include_path='.:/usr/local/lib/php') in /var/www/html/app/Core/Model.php:7
Stack trace:
#0 /var/www/html/vendor/composer/ClassLoader.php(576): include()
#1 /var/www/html/vendor/composer/ClassLoader.php(427): Composer\Autoload\{closure}('/var/www/html/v...')
#2 /var/www/html/app/Models/Currencies.php(8): Composer\Autoload\ClassLoader->loadClass('App\\Core\\Model')
#3 /var/www/html/vendor/composer/ClassLoader.php(576): include('/var/www/html/a...')
#4 /var/www/html/vendor/composer/ClassLoader.php(427): Composer\Autoload\{closure}('/var/www/html/v...')
#5 /var/www/html/update-currencies.php(7): Composer\Autoload\ClassLoader->loadClass('App\\Models\\Curr...')
#6 {main}
  thrown in /var/www/html/app/Core/Model.php on line 7

Warning: require_once(/var/www/html/app/Core/vendor/autoload.php): Failed to open stream: No such file or directory in /var/www/html/app/Core/Model.php on line 7

Fatal error: Uncaught Error: Failed opening required '/var/www/html/app/Core/vendor/autoload.php' (include_path='.:/usr/local/lib/php') in /var/www/html/app/Core/Model.php:7
Stack trace:
#0 /var/www/html/vendor/composer/ClassLoader.php(576): include()
#1 /var/www/html/vendor/composer/ClassLoader.php(427): Composer\Autoload\{closure}('/var/www/html/v...')
#2 /var/www/html/app/Models/Currencies.php(8): Composer\Autoload\ClassLoader->loadClass('App\\Core\\Model')
#3 /var/www/html/vendor/composer/ClassLoader.php(576): include('/var/www/html/a...')
#4 /var/www/html/vendor/composer/ClassLoader.php(427): Composer\Autoload\{closure}('/var/www/html/v...')
#5 /var/www/html/update-currencies.php(7): Composer\Autoload\ClassLoader->loadClass('App\\Models\\Curr...')
#6 {main}
  thrown in /var/www/html/app/Core/Model.php on line 7

Warning: require_once(/vendor/autoload.php): Failed to open stream: No such file or directory in /var/www/html/update-currencies.php on line 5

Fatal error: Uncaught Error: Failed opening required '/vendor/autoload.php' (include_path='.:/usr/local/lib/php') in /var/www/html/update-currencies.php:5
Stack trace:
#0 {main}
  thrown in /var/www/html/update-currencies.php on line 5

Warning: require_once(/vendor/autoload.php): Failed to open stream: No such file or directory in /var/www/html/update-currencies.php on line 5

Fatal error: Uncaught Error: Failed opening required '/vendor/autoload.php' (include_path='.:/usr/local/lib/php') in /var/www/html/update-currencies.php:5
Stack trace:
#0 {main}
  thrown in /var/www/html/update-currencies.php on line 5

Warning: require_once(/vendor/autoload.php): Failed to open stream: No such file or directory in /var/www/html/update-currencies.php on line 5

Fatal error: Uncaught Error: Failed opening required '/vendor/autoload.php' (include_path='.:/usr/local/lib/php') in /var/www/html/update-currencies.php:5
Stack trace:
#0 {main}
  thrown in /var/www/html/update-currencies.php on line 5

Warning: require_once(/vendor/autoload.php): Failed to open stream: No such file or directory in /var/www/html/update-currencies.php on line 5

Fatal error: Uncaught Error: Failed opening required '/vendor/autoload.php' (include_path='.:/usr/local/lib/php') in /var/www/html/update-currencies.php:5
Stack trace:
#0 {main}
  thrown in /var/www/html/update-currencies.php on line 5

Warning: require_once(/vendor/autoload.php): Failed to open stream: No such file or directory in /var/www/html/update-currencies.php on line 5

Fatal error: Uncaught Error: Failed opening required '/vendor/autoload.php' (include_path='.:/usr/local/lib/php') in /var/www/html/update-currencies.php:5
Stack trace:
#0 {main}
  thrown in /var/www/html/update-currencies.php on line 5

Warning: require_once(/vendor/autoload.php): Failed to open stream: No such file or directory in /var/www/html/update-currencies.php on line 5

Fatal error: Uncaught Error: Failed opening required '/vendor/autoload.php' (include_path='.:/usr/local/lib/php') in /var/www/html/update-currencies.php:5
Stack trace:
#0 {main}
  thrown in /var/www/html/update-currencies.php on line 5

Warning: require_once(/vendor/autoload.php): Failed to open stream: No such file or directory in /var/www/html/update-currencies.php on line 5

Fatal error: Uncaught Error: Failed opening required '/vendor/autoload.php' (include_path='.:/usr/local/lib/php') in /var/www/html/update-currencies.php:5
Stack trace:
#0 {main}
  thrown in /var/www/html/update-currencies.php on line 5

Warning: require_once(/vendor/autoload.php): Failed to open stream: No such file or directory in /var/www/html/update-currencies.php on line 5

Fatal error: Uncaught Error: Failed opening required '/vendor/autoload.php' (include_path='.:/usr/local/lib/php') in /var/www/html/update-currencies.php:5
Stack trace:
#0 {main}
  thrown in /var/www/html/update-currencies.php on line 5

Warning: require_once(/vendor/autoload.php): Failed to open stream: No such file or directory in /var/www/html/update-currencies.php on line 5

Fatal error: Uncaught Error: Failed opening required '/vendor/autoload.php' (include_path='.:/usr/local/lib/php') in /var/www/html/update-currencies.php:5
Stack trace:
#0 {main}
  thrown in /var/www/html/update-currencies.php on line 5

Warning: require_once(/vendor/autoload.php): Failed to open stream: No such file or directory in /var/www/html/update-currencies.php on line 5

Fatal error: Uncaught Error: Failed opening required '/vendor/autoload.php' (include_path='.:/usr/local/lib/php') in /var/www/html/update-currencies.php:5
Stack trace:
#0 {main}
  thrown in /var/www/html/update-currencies.php on line 5

Warning: require_once(/vendor/autoload.php): Failed to open stream: No such file or directory in /var/www/html/update-currencies.php on line 5

Fatal error: Uncaught Error: Failed opening required '/vendor/autoload.php' (include_path='.:/usr/local/lib/php') in /var/www/html/update-currencies.php:5
Stack trace:
#0 {main}
  thrown in /var/www/html/update-currencies.php on line 5

Warning: require_once(/vendor/autoload.php): Failed to open stream: No such file or directory in /var/www/html/update-currencies.php on line 5

Fatal error: Uncaught Error: Failed opening required '/vendor/autoload.php' (include_path='.:/usr/local/lib/php') in /var/www/html/update-currencies.php:5
Stack trace:
#0 {main}
  thrown in /var/www/html/update-currencies.php on line 5

Warning: require_once(/vendor/autoload.php): Failed to open stream: No such file or directory in /var/www/html/update-currencies.php on line 5

Fatal error: Uncaught Error: Failed opening required '/vendor/autoload.php' (include_path='.:/usr/local/lib/php') in /var/www/html/update-currencies.php:5
Stack trace:
#0 {main}
  thrown in /var/www/html/update-currencies.php on line 5

Warning: require_once(/vendor/autoload.php): Failed to open stream: No such file or directory in /var/www/html/update-currencies.php on line 5

Fatal error: Uncaught Error: Failed opening required '/vendor/autoload.php' (include_path='.:/usr/local/lib/php') in /var/www/html/update-currencies.php:5
Stack trace:
#0 {main}
  thrown in /var/www/html/update-currencies.php on line 5

Warning: require_once(/vendor/autoload.php): Failed to open stream: No such file or directory in /var/www/html/update-currencies.php on line 5

Fatal error: Uncaught Error: Failed opening required '/vendor/autoload.php' (include_path='.:/usr/local/lib/php') in /var/www/html/update-currencies.php:5
Stack trace:
#0 {main}
  thrown in /var/www/html/update-currencies.php on line 5

Warning: require_once(/vendor/autoload.php): Failed to open stream: No such file or directory in /var/www/html/update-currencies.php on line 5

Fatal error: Uncaught Error: Failed opening required '/vendor/autoload.php' (include_path='.:/usr/local/lib/php') in /var/www/html/update-currencies.php:5
Stack trace:
#0 {main}
  thrown in /var/www/html/update-currencies.php on line 5

Warning: require_once(/vendor/autoload.php): Failed to open stream: No such file or directory in /var/www/html/update-currencies.php on line 5

Fatal error: Uncaught Error: Failed opening required '/vendor/autoload.php' (include_path='.:/usr/local/lib/php') in /var/www/html/update-currencies.php:5
Stack trace:
#0 {main}
  thrown in /var/www/html/update-currencies.php on line 5

Warning: require_once(/vendor/autoload.php): Failed to open stream: No such file or directory in /var/www/html/update-currencies.php on line 5

Fatal error: Uncaught Error: Failed opening required '/vendor/autoload.php' (include_path='.:/usr/local/lib/php') in /var/www/html/update-currencies.php:5
Stack trace:
#0 {main}
  thrown in /var/www/html/update-currencies.php on line 5

Warning: require_once(/vendor/autoload.php): Failed to open stream: No such file or directory in /var/www/html/update-currencies.php on line 5

Fatal error: Uncaught Error: Failed opening required '/vendor/autoload.php' (include_path='.:/usr/local/lib/php') in /var/www/html/update-currencies.php:5
Stack trace:
#0 {main}
  thrown in /var/www/html/update-currencies.php on line 5

Warning: require_once(/vendor/autoload.php): Failed to open stream: No such file or directory in /var/www/html/update-currencies.php on line 5

Fatal error: Uncaught Error: Failed opening required '/vendor/autoload.php' (include_path='.:/usr/local/lib/php') in /var/www/html/update-currencies.php:5
Stack trace:
#0 {main}
  thrown in /var/www/html/update-currencies.php on line 5

Warning: require_once(/vendor/autoload.php): Failed to open stream: No such file or directory in /var/www/html/update-currencies.php on line 5

Fatal error: Uncaught Error: Failed opening required '/vendor/autoload.php' (include_path='.:/usr/local/lib/php') in /var/www/html/update-currencies.php:5
Stack trace:
#0 {main}
  thrown in /var/www/html/update-currencies.php on line 5

Warning: require_once(/vendor/autoload.php): Failed to open stream: No such file or directory in /var/www/html/update-currencies.php on line 5

Fatal error: Uncaught Error: Failed opening required '/vendor/autoload.php' (include_path='.:/usr/local/lib/php') in /var/www/html/update-currencies.php:5
Stack trace:
#0 {main}
  thrown in /var/www/html/update-currencies.php on line 5

Warning: require_once(/vendor/autoload.php): Failed to open stream: No such file or directory in /var/www/html/update-currencies.php on line 5

Fatal error: Uncaught Error: Failed opening required '/vendor/autoload.php' (include_path='.:/usr/local/lib/php') in /var/www/html/update-currencies.php:5
Stack trace:
#0 {main}
  thrown in /var/www/html/update-currencies.php on line 5

Warning: require_once(/vendor/autoload.php): Failed to open stream: No such file or directory in /var/www/html/update-currencies.php on line 5

Fatal error: Uncaught Error: Failed opening required '/vendor/autoload.php' (include_path='.:/usr/local/lib/php') in /var/www/html/update-currencies.php:5
Stack trace:
#0 {main}
  thrown in /var/www/html/update-currencies.php on line 5

Warning: require_once(/vendor/autoload.php): Failed to open stream: No such file or directory in /var/www/html/update-currencies.php on line 5

Fatal error: Uncaught Error: Failed opening required '/vendor/autoload.php' (include_path='.:/usr/local/lib/php') in /var/www/html/update-currencies.php:5
Stack trace:
#0 {main}
  thrown in /var/www/html/update-currencies.php on line 5

Warning: require_once(/vendor/autoload.php): Failed to open stream: No such file or directory in /var/www/html/update-currencies.php on line 5

Fatal error: Uncaught Error: Failed opening required '/vendor/autoload.php' (include_path='.:/usr/local/lib/php') in /var/www/html/update-currencies.php:5
Stack trace:
#0 {main}
  thrown in /var/www/html/update-currencies.php on line 5

Warning: require_once(/vendor/autoload.php): Failed to open stream: No such file or directory in /var/www/html/update-currencies.php on line 5

Fatal error: Uncaught Error: Failed opening required '/vendor/autoload.php' (include_path='.:/usr/local/lib/php') in /var/www/html/update-currencies.php:5
Stack trace:
#0 {main}
  thrown in /var/www/html/update-currencies.php on line 5
dqwqrqwdqwqrqwdqwqrqwdqwqrqwdqwqrqwdqwqrqw